<?xml version="1.0" encoding="UTF-8"?>
<!-- Generated by org.testng.reporters.JUnitReportReporter -->
<testsuite hostname="LAPTOP-UFIG77A7" name="IBM_Assessment.Retail_Coupon_TestNG.Retail_Coupon" tests="3" failures="0" timestamp="11 Mar 2022 12:02:41 GMT" time="65.806" errors="0">
  <testcase name="addNew" time="20.092" classname="IBM_Assessment.Retail_Coupon_TestNG.Retail_Coupon"/>
  <testcase name="delete" time="24.860" classname="IBM_Assessment.Retail_Coupon_TestNG.Retail_Coupon"/>
  <testcase name="edit" time="20.854" classname="IBM_Assessment.Retail_Coupon_TestNG.Retail_Coupon"/>
</testsuite> <!-- IBM_Assessment.Retail_Coupon_TestNG.Retail_Coupon -->
